<?xml version="1.0" encoding="UTF-8"?>
<testng-results skipped="0" failed="0" total="1" passed="1">
  <reporter-output>
  </reporter-output>
  <suite name="Default suite" duration-ms="22203" started-at="2019-12-22T09:29:40Z" finished-at="2019-12-22T09:30:02Z">
    <groups>
    </groups>
    <test name="Default test" duration-ms="22203" started-at="2019-12-22T09:29:40Z" finished-at="2019-12-22T09:30:02Z">
      <class name="com.actiime.testcases.Actclass">
        <test-method status="PASS" signature="launchbrowser()[pri:0, instance:com.actiime.testcases.Actclass@3ecf72fd]" name="launchbrowser" duration-ms="22172" started-at="2019-12-22T14:59:40Z" finished-at="2019-12-22T15:00:02Z">
          <reporter-output>
          </reporter-output>
        </test-method> <!-- launchbrowser -->
      </class> <!-- com.actiime.testcases.Actclass -->
    </test> <!-- Default test -->
  </suite> <!-- Default suite -->
</testng-results>
